[2015-03-15 20:55:21] START
[2015-03-15 20:55:59] CREATE home.py: 0
[2015-03-15 20:56:11] CREATE home/index.html: 0
[2015-03-15 21:19:40] DELETE osk/controllers/default.py: -51
[2015-03-15 21:19:50] DELETE osk/views/default/index.html: -32
[2015-03-15 21:19:53] DELETE osk/views/default/user.html: -23
[2015-03-15 21:32:57] CREATE home/test.html: 0
[2015-03-15 21:33:38] EDIT osk/controllers/home.py: 1
[2015-03-16 23:09:45] EDIT osk/models/db.py: -22
[2015-03-16 23:12:23] EDIT osk/models/db.py: 0
[2015-03-17 08:57:20] EDIT osk/models/db.py: 0
[2015-03-17 09:04:05] EDIT osk/models/db.py: 1
[2015-03-17 09:07:40] EDIT osk/views/default/user.html: 1
[2015-03-17 09:09:57] EDIT osk/models/db.py: 37
[2015-03-17 09:10:31] EDIT osk/models/db.py: -1
[2015-03-17 09:11:37] EDIT osk/models/db.py: -37
[2015-03-17 09:11:49] EDIT osk/models/db.py: 0
[2015-03-17 09:12:28] EDIT osk/models/db.py: 1
[2015-03-17 09:13:09] EDIT osk/models/db.py: -30
[2015-03-17 09:13:57] EDIT osk/models/db.py: 12
[2015-03-17 09:15:41] EDIT osk/models/db.py: -4
[2015-03-17 09:15:56] EDIT osk/models/db.py: 4
[2015-03-17 09:16:55] EDIT osk/models/db.py: 0
[2015-03-17 09:17:07] EDIT osk/models/db.py: 0
[2015-03-17 09:17:15] EDIT osk/models/db.py: -7
[2015-03-17 09:17:31] EDIT osk/models/db.py: -4
[2015-03-17 09:18:15] EDIT osk/models/db.py: 6
[2015-03-17 09:19:34] EDIT osk/models/db.py: 6
[2015-03-17 09:21:00] EDIT osk/models/db.py: -6
[2015-03-17 09:21:22] EDIT osk/models/db.py: 0
[2015-03-17 09:22:09] EDIT osk/models/db.py: 0
[2015-03-17 09:22:31] EDIT osk/models/db.py: 0
