[2015-03-16 02:58:47] START
[2015-03-16 02:59:15] EDIT images/controllers/default.py: -38
[2015-03-16 02:59:32] EDIT images/models/db.py: -11
[2015-03-16 03:00:05] EDIT images/views/default/index.html: -25
[2015-03-16 03:00:24] CREATE default/show.html: 0
[2015-03-16 03:00:29] EDIT images/views/default/show.html: 13
[2015-03-16 03:25:43] DELETE images/models/db.py: -16
[2015-03-16 03:27:05] EDIT images/views/default/index.html: 1
[2015-03-16 03:27:16] DELETE images/views/default/show.html: -16
[2015-03-16 03:27:39] EDIT images/controllers/default.py: -11
[2015-03-16 03:27:42] EDIT images/controllers/default.py: 0
[2015-03-16 04:31:00] CREATE db.py: 0
[2015-03-16 04:31:14] EDIT images/models/db.py: 15
[2015-03-16 04:31:44] EDIT images/views/default/index.html: -1
[2015-03-16 04:31:54] EDIT images/controllers/default.py: 11
[2015-03-16 04:32:12] CREATE default/show.html: 0
[2015-03-16 04:32:15] EDIT images/views/default/show.html: 13
[2015-03-16 04:34:24] EDIT images/models/db.py: 5
[2015-03-16 04:55:25] EDIT images/models/db.py: 3
[2015-03-16 04:56:49] EDIT images/controllers/default.py: 2
[2015-03-16 04:57:58] EDIT images/controllers/default.py: 1
[2015-03-16 05:20:16] EDIT images/controllers/default.py: 4
[2015-03-16 05:20:26] CREATE default/manage.html: 0
[2015-03-16 05:21:15] EDIT images/views/default/manage.html: 2
[2015-03-16 05:21:37] EDIT images/views/default/manage.html: 0
