[2015-03-16 05:37:53] START
[2015-03-16 05:38:30] EDIT wiki/models/db.py: 8
[2015-03-16 06:04:50] EDIT wiki/controllers/default.py: -14
[2015-03-16 06:11:18] EDIT wiki/controllers/default.py: 14
[2015-03-16 06:11:42] CREATE default/create.html: 0
[2015-03-16 06:11:49] EDIT wiki/views/default/create.html: 0
[2015-03-16 06:13:39] CREATE default/show.html: 0
[2015-03-16 06:13:44] EDIT wiki/views/default/show.html: 9
[2015-03-16 06:13:46] EDIT wiki/views/default/index.html: -25
[2015-03-16 06:14:43] CREATE default/edit.html: 0
[2015-03-16 06:14:51] EDIT wiki/views/default/edit.html: 1
[2015-03-16 06:15:03] CREATE default/documents.html: 0
[2015-03-16 06:15:40] EDIT wiki/views/default/documents.html: 2
[2015-03-16 06:16:01] CREATE default/search.html.py: 0
[2015-03-16 06:16:11] CREATE default/search.html: 0
[2015-03-16 06:16:17] EDIT wiki/views/default/search.html: 1
[2015-03-16 06:16:20] EDIT wiki/views/default/search.html: 0
[2015-03-16 06:26:23] EDIT wiki/controllers/default.py: 0
[2015-03-16 06:28:55] EDIT wiki/controllers/default.py: 0
[2015-03-17 09:06:30] EDIT wiki/views/default/user.html: -8
